0 verbose cli C:\Program Files\nodejs\node.exe C:\Program Files\nodejs\node_modules\npm\bin\npm-cli.js
1 info using npm@11.11.0
2 info using node@v24.14.1
3 silly config load:file:C:\Program Files\nodejs\node_modules\npm\npmrc
4 silly config load:file:C:\Users\sarka\Downloads\lms-project\.npmrc
5 silly config load:file:C:\Users\sarka\.npmrc
6 silly config load:file:C:\Users\sarka\AppData\Roaming\npm\etc\npmrc
7 verbose title npm install
8 verbose argv "install" "--cache" ".npm-cache" "--no-audit" "--no-fund"
9 verbose logfile logs-max:10 dir:C:\Users\sarka\Downloads\lms-project\.npm-cache\_logs\2026-03-27T04_49_27_150Z-
10 verbose logfile C:\Users\sarka\Downloads\lms-project\.npm-cache\_logs\2026-03-27T04_49_27_150Z-debug-0.log
11 silly logfile done cleaning log files
12 silly packumentCache heap:4496293888 maxSize:1124073472 maxEntrySize:562036736
13 silly idealTree buildDeps
14 silly reify moves {}
15 verbose cwd C:\Users\sarka\Downloads\lms-project
16 verbose os Windows_NT 10.0.26200
17 verbose node v24.14.1
18 verbose npm  v11.11.0
19 verbose exit 0
20 info ok
